<?xml version="1.0" encoding="UTF-8"?>
<robot generator="Robot 6.0.2 (Python 3.9.6 on darwin)" generated="20230831 14:30:10.329" rpa="false" schemaversion="3">
<suite id="s1" name="Gconhub Template" source="/Users/siripornk/Documents/Automate Test/UI_online/gconhub_template.robot">
<test id="s1-t1" name="Test Password and Confirm Password Is Not Equal" line="33">
<kw name="Open gconhub Website and input data test">
<arg>lek11@gmail.com</arg>
<arg>1234</arg>
<arg>5678</arg>
<arg>lek123</arg>
<kw name="Set Selenium Speed" library="SeleniumLibrary">
<arg>0.5</arg>
<doc>Sets the delay that is waited after each Selenium command.</doc>
<status status="PASS" starttime="20230831 14:30:10.407" endtime="20230831 14:30:10.407"/>
</kw>
<kw name="Open Browser" library="SeleniumLibrary">
<arg>${url}</arg>
<arg>${browser}</arg>
<doc>Opens a new browser instance to the optional ``url``.</doc>
<msg timestamp="20230831 14:30:10.407" level="INFO">Opening browser 'chrome' to base url 'https://www.gconhub.com/'.</msg>
<msg timestamp="20230831 14:30:15.520" level="INFO">Cannot capture screenshot because no browser is open.</msg>
<msg timestamp="20230831 14:30:15.521" level="FAIL">SessionNotCreatedException: Message: session not created: This version of ChromeDriver only supports Chrome version 110
Current browser version is 116.0.5845.140 with binary path /Applications/Google Chrome.app/Contents/MacOS/Google Chrome
Stacktrace:
0   chromedriver                        0x00000001047391c0 chromedriver + 4248000
1   chromedriver                        0x00000001046b9dc0 chromedriver + 3726784
2   chromedriver                        0x000000010436eec4 chromedriver + 274116
3   chromedriver                        0x000000010439a22c chromedriver + 451116
4   chromedriver                        0x000000010439605c chromedriver + 434268
5   chromedriver                        0x000000010439319c chromedriver + 422300
6   chromedriver                        0x00000001043d6c10 chromedriver + 699408
7   chromedriver                        0x000000010439d200 chromedriver + 463360
8   chromedriver                        0x000000010439e318 chromedriver + 467736
9   chromedriver                        0x0000000104707060 chromedriver + 4042848
10  chromedriver                        0x000000010470b8a4 chromedriver + 4061348
11  chromedriver                        0x00000001047133d0 chromedriver + 4092880
12  chromedriver                        0x000000010470c6e4 chromedriver + 4064996
13  chromedriver                        0x00000001046e20fc chromedriver + 3891452
14  chromedriver                        0x000000010472ca64 chromedriver + 4196964
15  chromedriver                        0x000000010472cbb8 chromedriver + 4197304
16  chromedriver                        0x0000000104740650 chromedriver + 4277840
17  libsystem_pthread.dylib             0x00000001aa92206c _pthread_start + 148
18  libsystem_pthread.dylib             0x00000001aa91ce2c thread_start + 8
</msg>
<status status="FAIL" starttime="20230831 14:30:10.407" endtime="20230831 14:30:15.530"/>
</kw>
<kw name="Maximize Browser Window" library="SeleniumLibrary">
<doc>Maximizes current browser window.</doc>
<status status="NOT RUN" starttime="20230831 14:30:15.530" endtime="20230831 14:30:15.530"/>
</kw>
<kw name="Click Element" library="SeleniumLibrary">
<arg>${userBtn}</arg>
<doc>Click the element identified by ``locator``.</doc>
<status status="NOT RUN" starttime="20230831 14:30:15.530" endtime="20230831 14:30:15.530"/>
</kw>
<kw name="Click Element" library="SeleniumLibrary">
<arg>${registerUserBtn}</arg>
<doc>Click the element identified by ``locator``.</doc>
<status status="NOT RUN" starttime="20230831 14:30:15.530" endtime="20230831 14:30:15.530"/>
</kw>
<kw name="Input Text" library="SeleniumLibrary">
<arg>${emailTxtbox}</arg>
<arg>${email}</arg>
<doc>Types the given ``text`` into the text field identified by ``locator``.</doc>
<status status="NOT RUN" starttime="20230831 14:30:15.530" endtime="20230831 14:30:15.530"/>
</kw>
<kw name="Input Text" library="SeleniumLibrary">
<arg>${passwordTxtbox}</arg>
<arg>${password}</arg>
<doc>Types the given ``text`` into the text field identified by ``locator``.</doc>
<status status="NOT RUN" starttime="20230831 14:30:15.531" endtime="20230831 14:30:15.531"/>
</kw>
<kw name="Input Text" library="SeleniumLibrary">
<arg>${confirmPasswordTxtbox}</arg>
<arg>${repassword}</arg>
<doc>Types the given ``text`` into the text field identified by ``locator``.</doc>
<status status="NOT RUN" starttime="20230831 14:30:15.531" endtime="20230831 14:30:15.531"/>
</kw>
<kw name="Input Text" library="SeleniumLibrary">
<arg>${nameAtWebTxtbox}</arg>
<arg>${name}</arg>
<doc>Types the given ``text`` into the text field identified by ``locator``.</doc>
<status status="NOT RUN" starttime="20230831 14:30:15.531" endtime="20230831 14:30:15.531"/>
</kw>
<kw name="Click Element" library="SeleniumLibrary">
<arg>${registerBtn}</arg>
<doc>Click the element identified by ``locator``.</doc>
<status status="NOT RUN" starttime="20230831 14:30:15.531" endtime="20230831 14:30:15.531"/>
</kw>
<kw name="Get Text" library="SeleniumLibrary">
<var>${txt}</var>
<arg>${password_not_match_response_msg}</arg>
<doc>Returns the text value of the element identified by ``locator``.</doc>
<status status="NOT RUN" starttime="20230831 14:30:15.531" endtime="20230831 14:30:15.531"/>
</kw>
<kw name="Should Be Equal" library="BuiltIn">
<arg>${txt}</arg>
<arg>รหัสไม่ตรงกัน</arg>
<doc>Fails if the given objects are unequal.</doc>
<status status="NOT RUN" starttime="20230831 14:30:15.531" endtime="20230831 14:30:15.531"/>
</kw>
<status status="FAIL" starttime="20230831 14:30:10.407" endtime="20230831 14:30:15.531"/>
</kw>
<kw name="Open gconhub Website and input data test">
<arg>lek12@gmail.com</arg>
<arg>12341</arg>
<arg>56781</arg>
<arg>lek222</arg>
<kw name="Set Selenium Speed" library="SeleniumLibrary">
<arg>0.5</arg>
<doc>Sets the delay that is waited after each Selenium command.</doc>
<status status="PASS" starttime="20230831 14:30:15.531" endtime="20230831 14:30:15.532"/>
</kw>
<kw name="Open Browser" library="SeleniumLibrary">
<arg>${url}</arg>
<arg>${browser}</arg>
<doc>Opens a new browser instance to the optional ``url``.</doc>
<msg timestamp="20230831 14:30:15.532" level="INFO">Opening browser 'chrome' to base url 'https://www.gconhub.com/'.</msg>
<msg timestamp="20230831 14:30:16.929" level="INFO">Cannot capture screenshot because no browser is open.</msg>
<msg timestamp="20230831 14:30:16.930" level="FAIL">SessionNotCreatedException: Message: session not created: This version of ChromeDriver only supports Chrome version 110
Current browser version is 116.0.5845.140 with binary path /Applications/Google Chrome.app/Contents/MacOS/Google Chrome
Stacktrace:
0   chromedriver                        0x000000010292d1c0 chromedriver + 4248000
1   chromedriver                        0x00000001028addc0 chromedriver + 3726784
2   chromedriver                        0x0000000102562ec4 chromedriver + 274116
3   chromedriver                        0x000000010258e22c chromedriver + 451116
4   chromedriver                        0x000000010258a05c chromedriver + 434268
5   chromedriver                        0x000000010258719c chromedriver + 422300
6   chromedriver                        0x00000001025cac10 chromedriver + 699408
7   chromedriver                        0x0000000102591200 chromedriver + 463360
8   chromedriver                        0x0000000102592318 chromedriver + 467736
9   chromedriver                        0x00000001028fb060 chromedriver + 4042848
10  chromedriver                        0x00000001028ff8a4 chromedriver + 4061348
11  chromedriver                        0x00000001029073d0 chromedriver + 4092880
12  chromedriver                        0x00000001029006e4 chromedriver + 4064996
13  chromedriver                        0x00000001028d60fc chromedriver + 3891452
14  chromedriver                        0x0000000102920a64 chromedriver + 4196964
15  chromedriver                        0x0000000102920bb8 chromedriver + 4197304
16  chromedriver                        0x0000000102934650 chromedriver + 4277840
17  libsystem_pthread.dylib             0x00000001aa92206c _pthread_start + 148
18  libsystem_pthread.dylib             0x00000001aa91ce2c thread_start + 8
</msg>
<status status="FAIL" starttime="20230831 14:30:15.532" endtime="20230831 14:30:16.930"/>
</kw>
<kw name="Maximize Browser Window" library="SeleniumLibrary">
<doc>Maximizes current browser window.</doc>
<status status="NOT RUN" starttime="20230831 14:30:16.930" endtime="20230831 14:30:16.930"/>
</kw>
<kw name="Click Element" library="SeleniumLibrary">
<arg>${userBtn}</arg>
<doc>Click the element identified by ``locator``.</doc>
<status status="NOT RUN" starttime="20230831 14:30:16.930" endtime="20230831 14:30:16.930"/>
</kw>
<kw name="Click Element" library="SeleniumLibrary">
<arg>${registerUserBtn}</arg>
<doc>Click the element identified by ``locator``.</doc>
<status status="NOT RUN" starttime="20230831 14:30:16.930" endtime="20230831 14:30:16.930"/>
</kw>
<kw name="Input Text" library="SeleniumLibrary">
<arg>${emailTxtbox}</arg>
<arg>${email}</arg>
<doc>Types the given ``text`` into the text field identified by ``locator``.</doc>
<status status="NOT RUN" starttime="20230831 14:30:16.930" endtime="20230831 14:30:16.930"/>
</kw>
<kw name="Input Text" library="SeleniumLibrary">
<arg>${passwordTxtbox}</arg>
<arg>${password}</arg>
<doc>Types the given ``text`` into the text field identified by ``locator``.</doc>
<status status="NOT RUN" starttime="20230831 14:30:16.930" endtime="20230831 14:30:16.930"/>
</kw>
<kw name="Input Text" library="SeleniumLibrary">
<arg>${confirmPasswordTxtbox}</arg>
<arg>${repassword}</arg>
<doc>Types the given ``text`` into the text field identified by ``locator``.</doc>
<status status="NOT RUN" starttime="20230831 14:30:16.930" endtime="20230831 14:30:16.930"/>
</kw>
<kw name="Input Text" library="SeleniumLibrary">
<arg>${nameAtWebTxtbox}</arg>
<arg>${name}</arg>
<doc>Types the given ``text`` into the text field identified by ``locator``.</doc>
<status status="NOT RUN" starttime="20230831 14:30:16.930" endtime="20230831 14:30:16.930"/>
</kw>
<kw name="Click Element" library="SeleniumLibrary">
<arg>${registerBtn}</arg>
<doc>Click the element identified by ``locator``.</doc>
<status status="NOT RUN" starttime="20230831 14:30:16.930" endtime="20230831 14:30:16.930"/>
</kw>
<kw name="Get Text" library="SeleniumLibrary">
<var>${txt}</var>
<arg>${password_not_match_response_msg}</arg>
<doc>Returns the text value of the element identified by ``locator``.</doc>
<status status="NOT RUN" starttime="20230831 14:30:16.931" endtime="20230831 14:30:16.931"/>
</kw>
<kw name="Should Be Equal" library="BuiltIn">
<arg>${txt}</arg>
<arg>รหัสไม่ตรงกัน</arg>
<doc>Fails if the given objects are unequal.</doc>
<status status="NOT RUN" starttime="20230831 14:30:16.931" endtime="20230831 14:30:16.931"/>
</kw>
<status status="FAIL" starttime="20230831 14:30:15.531" endtime="20230831 14:30:16.931"/>
</kw>
<kw name="Open gconhub Website and input data test">
<arg>lek13@gmail.com</arg>
<arg>12342</arg>
<arg>56782</arg>
<arg>lek333</arg>
<kw name="Set Selenium Speed" library="SeleniumLibrary">
<arg>0.5</arg>
<doc>Sets the delay that is waited after each Selenium command.</doc>
<status status="PASS" starttime="20230831 14:30:16.931" endtime="20230831 14:30:16.931"/>
</kw>
<kw name="Open Browser" library="SeleniumLibrary">
<arg>${url}</arg>
<arg>${browser}</arg>
<doc>Opens a new browser instance to the optional ``url``.</doc>
<msg timestamp="20230831 14:30:16.932" level="INFO">Opening browser 'chrome' to base url 'https://www.gconhub.com/'.</msg>
<msg timestamp="20230831 14:30:18.228" level="INFO">Cannot capture screenshot because no browser is open.</msg>
<msg timestamp="20230831 14:30:18.229" level="FAIL">SessionNotCreatedException: Message: session not created: This version of ChromeDriver only supports Chrome version 110
Current browser version is 116.0.5845.140 with binary path /Applications/Google Chrome.app/Contents/MacOS/Google Chrome
Stacktrace:
0   chromedriver                        0x000000010126d1c0 chromedriver + 4248000
1   chromedriver                        0x00000001011eddc0 chromedriver + 3726784
2   chromedriver                        0x0000000100ea2ec4 chromedriver + 274116
3   chromedriver                        0x0000000100ece22c chromedriver + 451116
4   chromedriver                        0x0000000100eca05c chromedriver + 434268
5   chromedriver                        0x0000000100ec719c chromedriver + 422300
6   chromedriver                        0x0000000100f0ac10 chromedriver + 699408
7   chromedriver                        0x0000000100ed1200 chromedriver + 463360
8   chromedriver                        0x0000000100ed2318 chromedriver + 467736
9   chromedriver                        0x000000010123b060 chromedriver + 4042848
10  chromedriver                        0x000000010123f8a4 chromedriver + 4061348
11  chromedriver                        0x00000001012473d0 chromedriver + 4092880
12  chromedriver                        0x00000001012406e4 chromedriver + 4064996
13  chromedriver                        0x00000001012160fc chromedriver + 3891452
14  chromedriver                        0x0000000101260a64 chromedriver + 4196964
15  chromedriver                        0x0000000101260bb8 chromedriver + 4197304
16  chromedriver                        0x0000000101274650 chromedriver + 4277840
17  libsystem_pthread.dylib             0x00000001aa92206c _pthread_start + 148
18  libsystem_pthread.dylib             0x00000001aa91ce2c thread_start + 8
</msg>
<status status="FAIL" starttime="20230831 14:30:16.931" endtime="20230831 14:30:18.229"/>
</kw>
<kw name="Maximize Browser Window" library="SeleniumLibrary">
<doc>Maximizes current browser window.</doc>
<status status="NOT RUN" starttime="20230831 14:30:18.230" endtime="20230831 14:30:18.230"/>
</kw>
<kw name="Click Element" library="SeleniumLibrary">
<arg>${userBtn}</arg>
<doc>Click the element identified by ``locator``.</doc>
<status status="NOT RUN" starttime="20230831 14:30:18.230" endtime="20230831 14:30:18.230"/>
</kw>
<kw name="Click Element" library="SeleniumLibrary">
<arg>${registerUserBtn}</arg>
<doc>Click the element identified by ``locator``.</doc>
<status status="NOT RUN" starttime="20230831 14:30:18.230" endtime="20230831 14:30:18.230"/>
</kw>
<kw name="Input Text" library="SeleniumLibrary">
<arg>${emailTxtbox}</arg>
<arg>${email}</arg>
<doc>Types the given ``text`` into the text field identified by ``locator``.</doc>
<status status="NOT RUN" starttime="20230831 14:30:18.230" endtime="20230831 14:30:18.230"/>
</kw>
<kw name="Input Text" library="SeleniumLibrary">
<arg>${passwordTxtbox}</arg>
<arg>${password}</arg>
<doc>Types the given ``text`` into the text field identified by ``locator``.</doc>
<status status="NOT RUN" starttime="20230831 14:30:18.230" endtime="20230831 14:30:18.230"/>
</kw>
<kw name="Input Text" library="SeleniumLibrary">
<arg>${confirmPasswordTxtbox}</arg>
<arg>${repassword}</arg>
<doc>Types the given ``text`` into the text field identified by ``locator``.</doc>
<status status="NOT RUN" starttime="20230831 14:30:18.230" endtime="20230831 14:30:18.230"/>
</kw>
<kw name="Input Text" library="SeleniumLibrary">
<arg>${nameAtWebTxtbox}</arg>
<arg>${name}</arg>
<doc>Types the given ``text`` into the text field identified by ``locator``.</doc>
<status status="NOT RUN" starttime="20230831 14:30:18.230" endtime="20230831 14:30:18.230"/>
</kw>
<kw name="Click Element" library="SeleniumLibrary">
<arg>${registerBtn}</arg>
<doc>Click the element identified by ``locator``.</doc>
<status status="NOT RUN" starttime="20230831 14:30:18.230" endtime="20230831 14:30:18.230"/>
</kw>
<kw name="Get Text" library="SeleniumLibrary">
<var>${txt}</var>
<arg>${password_not_match_response_msg}</arg>
<doc>Returns the text value of the element identified by ``locator``.</doc>
<status status="NOT RUN" starttime="20230831 14:30:18.230" endtime="20230831 14:30:18.231"/>
</kw>
<kw name="Should Be Equal" library="BuiltIn">
<arg>${txt}</arg>
<arg>รหัสไม่ตรงกัน</arg>
<doc>Fails if the given objects are unequal.</doc>
<status status="NOT RUN" starttime="20230831 14:30:18.231" endtime="20230831 14:30:18.231"/>
</kw>
<status status="FAIL" starttime="20230831 14:30:16.931" endtime="20230831 14:30:18.231"/>
</kw>
<kw name="Open gconhub Website and input data test">
<arg>lek14@gmail.com</arg>
<arg>12343</arg>
<arg>56783</arg>
<arg>lek444</arg>
<kw name="Set Selenium Speed" library="SeleniumLibrary">
<arg>0.5</arg>
<doc>Sets the delay that is waited after each Selenium command.</doc>
<status status="PASS" starttime="20230831 14:30:18.231" endtime="20230831 14:30:18.232"/>
</kw>
<kw name="Open Browser" library="SeleniumLibrary">
<arg>${url}</arg>
<arg>${browser}</arg>
<doc>Opens a new browser instance to the optional ``url``.</doc>
<msg timestamp="20230831 14:30:18.232" level="INFO">Opening browser 'chrome' to base url 'https://www.gconhub.com/'.</msg>
<msg timestamp="20230831 14:30:19.474" level="INFO">Cannot capture screenshot because no browser is open.</msg>
<msg timestamp="20230831 14:30:19.475" level="FAIL">SessionNotCreatedException: Message: session not created: This version of ChromeDriver only supports Chrome version 110
Current browser version is 116.0.5845.140 with binary path /Applications/Google Chrome.app/Contents/MacOS/Google Chrome
Stacktrace:
0   chromedriver                        0x00000001053651c0 chromedriver + 4248000
1   chromedriver                        0x00000001052e5dc0 chromedriver + 3726784
2   chromedriver                        0x0000000104f9aec4 chromedriver + 274116
3   chromedriver                        0x0000000104fc622c chromedriver + 451116
4   chromedriver                        0x0000000104fc205c chromedriver + 434268
5   chromedriver                        0x0000000104fbf19c chromedriver + 422300
6   chromedriver                        0x0000000105002c10 chromedriver + 699408
7   chromedriver                        0x0000000104fc9200 chromedriver + 463360
8   chromedriver                        0x0000000104fca318 chromedriver + 467736
9   chromedriver                        0x0000000105333060 chromedriver + 4042848
10  chromedriver                        0x00000001053378a4 chromedriver + 4061348
11  chromedriver                        0x000000010533f3d0 chromedriver + 4092880
12  chromedriver                        0x00000001053386e4 chromedriver + 4064996
13  chromedriver                        0x000000010530e0fc chromedriver + 3891452
14  chromedriver                        0x0000000105358a64 chromedriver + 4196964
15  chromedriver                        0x0000000105358bb8 chromedriver + 4197304
16  chromedriver                        0x000000010536c650 chromedriver + 4277840
17  libsystem_pthread.dylib             0x00000001aa92206c _pthread_start + 148
18  libsystem_pthread.dylib             0x00000001aa91ce2c thread_start + 8
</msg>
<status status="FAIL" starttime="20230831 14:30:18.232" endtime="20230831 14:30:19.475"/>
</kw>
<kw name="Maximize Browser Window" library="SeleniumLibrary">
<doc>Maximizes current browser window.</doc>
<status status="NOT RUN" starttime="20230831 14:30:19.475" endtime="20230831 14:30:19.475"/>
</kw>
<kw name="Click Element" library="SeleniumLibrary">
<arg>${userBtn}</arg>
<doc>Click the element identified by ``locator``.</doc>
<status status="NOT RUN" starttime="20230831 14:30:19.475" endtime="20230831 14:30:19.475"/>
</kw>
<kw name="Click Element" library="SeleniumLibrary">
<arg>${registerUserBtn}</arg>
<doc>Click the element identified by ``locator``.</doc>
<status status="NOT RUN" starttime="20230831 14:30:19.475" endtime="20230831 14:30:19.475"/>
</kw>
<kw name="Input Text" library="SeleniumLibrary">
<arg>${emailTxtbox}</arg>
<arg>${email}</arg>
<doc>Types the given ``text`` into the text field identified by ``locator``.</doc>
<status status="NOT RUN" starttime="20230831 14:30:19.475" endtime="20230831 14:30:19.475"/>
</kw>
<kw name="Input Text" library="SeleniumLibrary">
<arg>${passwordTxtbox}</arg>
<arg>${password}</arg>
<doc>Types the given ``text`` into the text field identified by ``locator``.</doc>
<status status="NOT RUN" starttime="20230831 14:30:19.475" endtime="20230831 14:30:19.475"/>
</kw>
<kw name="Input Text" library="SeleniumLibrary">
<arg>${confirmPasswordTxtbox}</arg>
<arg>${repassword}</arg>
<doc>Types the given ``text`` into the text field identified by ``locator``.</doc>
<status status="NOT RUN" starttime="20230831 14:30:19.475" endtime="20230831 14:30:19.475"/>
</kw>
<kw name="Input Text" library="SeleniumLibrary">
<arg>${nameAtWebTxtbox}</arg>
<arg>${name}</arg>
<doc>Types the given ``text`` into the text field identified by ``locator``.</doc>
<status status="NOT RUN" starttime="20230831 14:30:19.476" endtime="20230831 14:30:19.476"/>
</kw>
<kw name="Click Element" library="SeleniumLibrary">
<arg>${registerBtn}</arg>
<doc>Click the element identified by ``locator``.</doc>
<status status="NOT RUN" starttime="20230831 14:30:19.476" endtime="20230831 14:30:19.476"/>
</kw>
<kw name="Get Text" library="SeleniumLibrary">
<var>${txt}</var>
<arg>${password_not_match_response_msg}</arg>
<doc>Returns the text value of the element identified by ``locator``.</doc>
<status status="NOT RUN" starttime="20230831 14:30:19.476" endtime="20230831 14:30:19.476"/>
</kw>
<kw name="Should Be Equal" library="BuiltIn">
<arg>${txt}</arg>
<arg>รหัสไม่ตรงกัน</arg>
<doc>Fails if the given objects are unequal.</doc>
<status status="NOT RUN" starttime="20230831 14:30:19.476" endtime="20230831 14:30:19.476"/>
</kw>
<status status="FAIL" starttime="20230831 14:30:18.231" endtime="20230831 14:30:19.476"/>
</kw>
<kw name="Open gconhub Website and input data test">
<arg>lek15@gmail.com</arg>
<arg>12344</arg>
<arg>56784</arg>
<arg>lek555</arg>
<kw name="Set Selenium Speed" library="SeleniumLibrary">
<arg>0.5</arg>
<doc>Sets the delay that is waited after each Selenium command.</doc>
<status status="PASS" starttime="20230831 14:30:19.476" endtime="20230831 14:30:19.476"/>
</kw>
<kw name="Open Browser" library="SeleniumLibrary">
<arg>${url}</arg>
<arg>${browser}</arg>
<doc>Opens a new browser instance to the optional ``url``.</doc>
<msg timestamp="20230831 14:30:19.477" level="INFO">Opening browser 'chrome' to base url 'https://www.gconhub.com/'.</msg>
<msg timestamp="20230831 14:30:20.906" level="INFO">Cannot capture screenshot because no browser is open.</msg>
<msg timestamp="20230831 14:30:20.906" level="FAIL">SessionNotCreatedException: Message: session not created: This version of ChromeDriver only supports Chrome version 110
Current browser version is 116.0.5845.140 with binary path /Applications/Google Chrome.app/Contents/MacOS/Google Chrome
Stacktrace:
0   chromedriver                        0x00000001008b11c0 chromedriver + 4248000
1   chromedriver                        0x0000000100831dc0 chromedriver + 3726784
2   chromedriver                        0x00000001004e6ec4 chromedriver + 274116
3   chromedriver                        0x000000010051222c chromedriver + 451116
4   chromedriver                        0x000000010050e05c chromedriver + 434268
5   chromedriver                        0x000000010050b19c chromedriver + 422300
6   chromedriver                        0x000000010054ec10 chromedriver + 699408
7   chromedriver                        0x0000000100515200 chromedriver + 463360
8   chromedriver                        0x0000000100516318 chromedriver + 467736
9   chromedriver                        0x000000010087f060 chromedriver + 4042848
10  chromedriver                        0x00000001008838a4 chromedriver + 4061348
11  chromedriver                        0x000000010088b3d0 chromedriver + 4092880
12  chromedriver                        0x00000001008846e4 chromedriver + 4064996
13  chromedriver                        0x000000010085a0fc chromedriver + 3891452
14  chromedriver                        0x00000001008a4a64 chromedriver + 4196964
15  chromedriver                        0x00000001008a4bb8 chromedriver + 4197304
16  chromedriver                        0x00000001008b8650 chromedriver + 4277840
17  libsystem_pthread.dylib             0x00000001aa92206c _pthread_start + 148
18  libsystem_pthread.dylib             0x00000001aa91ce2c thread_start + 8
</msg>
<status status="FAIL" starttime="20230831 14:30:19.477" endtime="20230831 14:30:20.907"/>
</kw>
<kw name="Maximize Browser Window" library="SeleniumLibrary">
<doc>Maximizes current browser window.</doc>
<status status="NOT RUN" starttime="20230831 14:30:20.907" endtime="20230831 14:30:20.907"/>
</kw>
<kw name="Click Element" library="SeleniumLibrary">
<arg>${userBtn}</arg>
<doc>Click the element identified by ``locator``.</doc>
<status status="NOT RUN" starttime="20230831 14:30:20.907" endtime="20230831 14:30:20.907"/>
</kw>
<kw name="Click Element" library="SeleniumLibrary">
<arg>${registerUserBtn}</arg>
<doc>Click the element identified by ``locator``.</doc>
<status status="NOT RUN" starttime="20230831 14:30:20.907" endtime="20230831 14:30:20.907"/>
</kw>
<kw name="Input Text" library="SeleniumLibrary">
<arg>${emailTxtbox}</arg>
<arg>${email}</arg>
<doc>Types the given ``text`` into the text field identified by ``locator``.</doc>
<status status="NOT RUN" starttime="20230831 14:30:20.907" endtime="20230831 14:30:20.907"/>
</kw>
<kw name="Input Text" library="SeleniumLibrary">
<arg>${passwordTxtbox}</arg>
<arg>${password}</arg>
<doc>Types the given ``text`` into the text field identified by ``locator``.</doc>
<status status="NOT RUN" starttime="20230831 14:30:20.908" endtime="20230831 14:30:20.908"/>
</kw>
<kw name="Input Text" library="SeleniumLibrary">
<arg>${confirmPasswordTxtbox}</arg>
<arg>${repassword}</arg>
<doc>Types the given ``text`` into the text field identified by ``locator``.</doc>
<status status="NOT RUN" starttime="20230831 14:30:20.908" endtime="20230831 14:30:20.908"/>
</kw>
<kw name="Input Text" library="SeleniumLibrary">
<arg>${nameAtWebTxtbox}</arg>
<arg>${name}</arg>
<doc>Types the given ``text`` into the text field identified by ``locator``.</doc>
<status status="NOT RUN" starttime="20230831 14:30:20.908" endtime="20230831 14:30:20.908"/>
</kw>
<kw name="Click Element" library="SeleniumLibrary">
<arg>${registerBtn}</arg>
<doc>Click the element identified by ``locator``.</doc>
<status status="NOT RUN" starttime="20230831 14:30:20.908" endtime="20230831 14:30:20.908"/>
</kw>
<kw name="Get Text" library="SeleniumLibrary">
<var>${txt}</var>
<arg>${password_not_match_response_msg}</arg>
<doc>Returns the text value of the element identified by ``locator``.</doc>
<status status="NOT RUN" starttime="20230831 14:30:20.908" endtime="20230831 14:30:20.908"/>
</kw>
<kw name="Should Be Equal" library="BuiltIn">
<arg>${txt}</arg>
<arg>รหัสไม่ตรงกัน</arg>
<doc>Fails if the given objects are unequal.</doc>
<status status="NOT RUN" starttime="20230831 14:30:20.908" endtime="20230831 14:30:20.908"/>
</kw>
<status status="FAIL" starttime="20230831 14:30:19.476" endtime="20230831 14:30:20.908"/>
</kw>
<status status="FAIL" starttime="20230831 14:30:10.406" endtime="20230831 14:30:20.908">Several failures occurred:

1) SessionNotCreatedException: Message: session not created: This version of ChromeDriver only supports Chrome version 110
Current browser version is 116.0.5845.140 with binary path /Applications/Google Chrome.app/Contents/MacOS/Google Chrome
Stacktrace:
0   chromedriver                        0x00000001047391c0 chromedriver + 4248000
1   chromedriver                        0x00000001046b9dc0 chromedriver + 3726784
2   chromedriver                        0x000000010436eec4 chromedriver + 274116
3   chromedriver                        0x000000010439a22c chromedriver + 451116
4   chromedriver                        0x000000010439605c chromedriver + 434268
5   chromedriver                        0x000000010439319c chromedriver + 422300
6   chromedriver                        0x00000001043d6c10 chromedriver + 6...
    [ Message content over the limit has been removed. ]
...hromedriver                        0x0000000100516318 chromedriver + 467736
9   chromedriver                        0x000000010087f060 chromedriver + 4042848
10  chromedriver                        0x00000001008838a4 chromedriver + 4061348
11  chromedriver                        0x000000010088b3d0 chromedriver + 4092880
12  chromedriver                        0x00000001008846e4 chromedriver + 4064996
13  chromedriver                        0x000000010085a0fc chromedriver + 3891452
14  chromedriver                        0x00000001008a4a64 chromedriver + 4196964
15  chromedriver                        0x00000001008a4bb8 chromedriver + 4197304
16  chromedriver                        0x00000001008b8650 chromedriver + 4277840
17  libsystem_pthread.dylib             0x00000001aa92206c _pthread_start + 148
18  libsystem_pthread.dylib             0x00000001aa91ce2c thread_start + 8</status>
</test>
<status status="FAIL" starttime="20230831 14:30:10.329" endtime="20230831 14:30:20.909"/>
</suite>
<statistics>
<total>
<stat pass="0" fail="1" skip="0">All Tests</stat>
</total>
<tag>
</tag>
<suite>
<stat pass="0" fail="1" skip="0" id="s1" name="Gconhub Template">Gconhub Template</stat>
</suite>
</statistics>
<errors>
</errors>
</robot>
